@!@!@STARTMSG 2262:0 @!@!@
TLC2 Version 2.13 of 18 July 2018
@!@!@ENDMSG 2262 @!@!@
@!@!@STARTMSG 2187:0 @!@!@
Running breadth-first search Model-Checking with fp 13 and seed 5694980104049017802 with 2 workers on 4 cores with 597MB heap and 1339MB offheap memory [pid: 10100] (Windows 10 10.0 amd64, AdoptOpenJDK 11.0.2 x86_64, OffHeapDiskFPSet, DiskStateQueue).
@!@!@ENDMSG 2187 @!@!@
@!@!@STARTMSG 2220:0 @!@!@
Starting SANY...
@!@!@ENDMSG 2220 @!@!@
Parsing file C:\Users\zva\workspace\vuw2019t1\swen421\swen421-assignment-2\Ass2licall.toolbox\main\MC.tla
Parsing file C:\Users\zva\workspace\vuw2019t1\swen421\swen421-assignment-2\Ass2licall.toolbox\main\Ass2licall.tla
Parsing file C:\Program Files\TLAToolbox\toolbox\plugins\org.lamport.tlatools_1.0.0.201903292248\tla2sany\StandardModules\TLC.tla
Parsing file C:\Program Files\TLAToolbox\toolbox\plugins\org.lamport.tlatools_1.0.0.201903292248\tla2sany\StandardModules\Naturals.tla
Parsing file C:\Program Files\TLAToolbox\toolbox\plugins\org.lamport.tlatools_1.0.0.201903292248\tla2sany\StandardModules\Integers.tla
Parsing file C:\Program Files\TLAToolbox\toolbox\plugins\org.lamport.tlatools_1.0.0.201903292248\tla2sany\StandardModules\Sequences.tla
Parsing file C:\Program Files\TLAToolbox\toolbox\plugins\org.lamport.tlatools_1.0.0.201903292248\tla2sany\StandardModules\Bags.tla
Parsing file C:\Program Files\TLAToolbox\toolbox\plugins\org.lamport.tlatools_1.0.0.201903292248\tla2sany\StandardModules\FiniteSets.tla
Parsing file C:\Users\zva\workspace\vuw2019t1\swen421\swen421-assignment-2\Ass2licall.toolbox\main\abpReceiver.tla
Parsing file C:\Users\zva\workspace\vuw2019t1\swen421\swen421-assignment-2\Ass2licall.toolbox\main\abpSender.tla
Parsing file C:\Users\zva\workspace\vuw2019t1\swen421\swen421-assignment-2\Ass2licall.toolbox\main\dataWire.tla
Semantic processing of module Naturals
Semantic processing of module Integers
Semantic processing of module Sequences
Semantic processing of module FiniteSets
Semantic processing of module TLC
Semantic processing of module Bags
Semantic processing of module abpReceiver
Semantic processing of module abpSender
Semantic processing of module dataWire
Semantic processing of module Ass2licall
Semantic processing of module MC
@!@!@STARTMSG 2219:0 @!@!@
SANY finished.
@!@!@ENDMSG 2219 @!@!@
@!@!@STARTMSG 2185:0 @!@!@
Starting... (2019-05-09 22:17:40)
@!@!@ENDMSG 2185 @!@!@
@!@!@STARTMSG 2212:0 @!@!@
Implied-temporal checking--satisfiability problem has 1 branches.
@!@!@ENDMSG 2212 @!@!@
@!@!@STARTMSG 2189:0 @!@!@
Computing initial states...
@!@!@ENDMSG 2189 @!@!@
@!@!@STARTMSG 2190:0 @!@!@
Finished computing initial states: 1 distinct state generated at 2019-05-09 22:17:41.
@!@!@ENDMSG 2190 @!@!@
@!@!@STARTMSG 2200:0 @!@!@
Progress(9) at 2019-05-09 22:17:41: 44 states generated, 18 distinct states found, 0 states left on queue.
@!@!@ENDMSG 2200 @!@!@
@!@!@STARTMSG 2192:0 @!@!@
Checking temporal properties for the complete state space with 18 total distinct states at (2019-05-09 22:17:41)
@!@!@ENDMSG 2192 @!@!@
@!@!@STARTMSG 2116:1 @!@!@
Temporal properties were violated.

@!@!@ENDMSG 2116 @!@!@
@!@!@STARTMSG 2264:1 @!@!@
The following behavior constitutes a counter-example:

@!@!@ENDMSG 2264 @!@!@
@!@!@STARTMSG 2217:4 @!@!@
1: <Initial predicate>
/\ senderInQueue = <<>>
/\ receiverPc = "Lbl_1"
/\ senderPc = "Lbl_1"
/\ senderInput = <<"Hello", "world!">>
/\ receiverOutQueue = <<>>
/\ receiverOutput = <<>>
/\ senderOutQueue = <<>>
/\ receiverInQueue = <<>>

@!@!@ENDMSG 2217 @!@!@
@!@!@STARTMSG 2217:4 @!@!@
2: <senderNext line 114, col 15 to line 120, col 28 of module Ass2licall>
/\ senderInQueue = <<>>
/\ receiverPc = "Lbl_1"
/\ senderPc = "Lbl_1"
/\ senderInput = <<"world!">>
/\ receiverOutQueue = <<>>
/\ receiverOutput = <<>>
/\ senderOutQueue = <<"Hello">>
/\ receiverInQueue = <<>>

@!@!@ENDMSG 2217 @!@!@
@!@!@STARTMSG 2217:4 @!@!@
3: <senderNext line 114, col 15 to line 120, col 28 of module Ass2licall>
/\ senderInQueue = <<>>
/\ receiverPc = "Lbl_1"
/\ senderPc = "Lbl_1"
/\ senderInput = <<>>
/\ receiverOutQueue = <<>>
/\ receiverOutput = <<>>
/\ senderOutQueue = <<"Hello", "world!">>
/\ receiverInQueue = <<>>

@!@!@ENDMSG 2217 @!@!@
@!@!@STARTMSG 2217:4 @!@!@
4: <dataChannel line 124, col 17 to line 132, col 28 of module Ass2licall>
/\ senderInQueue = <<>>
/\ receiverPc = "Lbl_1"
/\ senderPc = "Lbl_1"
/\ senderInput = <<>>
/\ receiverOutQueue = <<>>
/\ receiverOutput = <<>>
/\ senderOutQueue = <<"world!">>
/\ receiverInQueue = <<"Hello">>

@!@!@ENDMSG 2217 @!@!@
@!@!@STARTMSG 2217:4 @!@!@
5: <senderNext line 114, col 15 to line 120, col 28 of module Ass2licall>
/\ senderInQueue = <<>>
/\ receiverPc = "Lbl_1"
/\ senderPc = "Done"
/\ senderInput = <<>>
/\ receiverOutQueue = <<>>
/\ receiverOutput = <<>>
/\ senderOutQueue = <<"world!">>
/\ receiverInQueue = <<"Hello">>

@!@!@ENDMSG 2217 @!@!@
@!@!@STARTMSG 2217:4 @!@!@
6: <receiverNext line 106, col 17 to line 112, col 28 of module Ass2licall>
/\ senderInQueue = <<>>
/\ receiverPc = "Lbl_1"
/\ senderPc = "Done"
/\ senderInput = <<>>
/\ receiverOutQueue = <<>>
/\ receiverOutput = <<"Hello">>
/\ senderOutQueue = <<"world!">>
/\ receiverInQueue = <<>>

@!@!@ENDMSG 2217 @!@!@
@!@!@STARTMSG 2217:4 @!@!@
7: <dataChannel line 124, col 17 to line 132, col 28 of module Ass2licall>
/\ senderInQueue = <<>>
/\ receiverPc = "Lbl_1"
/\ senderPc = "Done"
/\ senderInput = <<>>
/\ receiverOutQueue = <<>>
/\ receiverOutput = <<"Hello">>
/\ senderOutQueue = <<>>
/\ receiverInQueue = <<"world!">>

@!@!@ENDMSG 2217 @!@!@
@!@!@STARTMSG 2218:4 @!@!@
8: Stuttering
@!@!@ENDMSG 2218 @!@!@
@!@!@STARTMSG 2267:0 @!@!@
Finished checking temporal properties in 00s at 2019-05-09 22:17:41
@!@!@ENDMSG 2267 @!@!@
@!@!@STARTMSG 2201:0 @!@!@
The coverage statistics at 2019-05-09 22:17:41
@!@!@ENDMSG 2201 @!@!@
@!@!@STARTMSG 2773:0 @!@!@
<Init line 100, col 1 to line 100, col 4 of module Ass2licall>: 2
@!@!@ENDMSG 2773 @!@!@
@!@!@STARTMSG 2221:0 @!@!@
  line 100, col 9 to line 103, col 36 of module Ass2licall: 2
@!@!@ENDMSG 2221 @!@!@
@!@!@STARTMSG 2772:0 @!@!@
<receiverNext line 106, col 1 to line 106, col 12 of module Ass2licall>: 5:12
@!@!@ENDMSG 2772 @!@!@
@!@!@STARTMSG 2221:0 @!@!@
  line 73, col 1 to line 77, col 28 of module Ass2licall: 19
@!@!@ENDMSG 2221 @!@!@
@!@!@STARTMSG 2221:0 @!@!@
  line 74, col 23 to line 74, col 36 of module Ass2licall: 27
@!@!@ENDMSG 2221 @!@!@
@!@!@STARTMSG 2221:0 @!@!@
  line 75, col 27 to line 75, col 41 of module Ass2licall: 33
@!@!@ENDMSG 2221 @!@!@
@!@!@STARTMSG 2221:0 @!@!@
  line 77, col 19 to line 77, col 28 of module Ass2licall: 42
@!@!@ENDMSG 2221 @!@!@
@!@!@STARTMSG 2221:0 @!@!@
  line 25, col 13 to line 25, col 24 of module abpReceiver: 31
@!@!@ENDMSG 2221 @!@!@
@!@!@STARTMSG 2221:0 @!@!@
  |line 25, col 13 to line 25, col 14 of module abpReceiver: 21
@!@!@ENDMSG 2221 @!@!@
@!@!@STARTMSG 2221:0 @!@!@
  line 26, col 16 to line 26, col 43 of module abpReceiver: 19
@!@!@ENDMSG 2221 @!@!@
@!@!@STARTMSG 2221:0 @!@!@
  line 27, col 24 to line 27, col 43 of module abpReceiver: 25
@!@!@ENDMSG 2221 @!@!@
@!@!@STARTMSG 2221:0 @!@!@
  |line 27, col 24 to line 27, col 38 of module abpReceiver: 17
@!@!@ENDMSG 2221 @!@!@
@!@!@STARTMSG 2221:0 @!@!@
  line 28, col 24 to line 28, col 65 of module abpReceiver: 8
@!@!@ENDMSG 2221 @!@!@
@!@!@STARTMSG 2221:0 @!@!@
  line 29, col 24 to line 29, col 53 of module abpReceiver: 8
@!@!@ENDMSG 2221 @!@!@
@!@!@STARTMSG 2221:0 @!@!@
  line 30, col 24 to line 30, col 36 of module abpReceiver: 8
@!@!@ENDMSG 2221 @!@!@
@!@!@STARTMSG 2221:0 @!@!@
  line 31, col 24 to line 31, col 35 of module abpReceiver: 2
@!@!@ENDMSG 2221 @!@!@
@!@!@STARTMSG 2221:0 @!@!@
  line 32, col 24 to line 32, col 57 of module abpReceiver: 2
@!@!@ENDMSG 2221 @!@!@
@!@!@STARTMSG 2221:0 @!@!@
  line 33, col 13 to line 33, col 33 of module abpReceiver: 10
@!@!@ENDMSG 2221 @!@!@
@!@!@STARTMSG 2221:0 @!@!@
  line 37, col 16 to line 37, col 26 of module abpReceiver: 23
@!@!@ENDMSG 2221 @!@!@
@!@!@STARTMSG 2221:0 @!@!@
  |line 37, col 16 to line 37, col 17 of module abpReceiver: 21
@!@!@ENDMSG 2221 @!@!@
@!@!@STARTMSG 2221:0 @!@!@
  line 37, col 31 to line 37, col 44 of module abpReceiver: 2
@!@!@ENDMSG 2221 @!@!@
@!@!@STARTMSG 2221:0 @!@!@
  line 107, col 20 to line 112, col 28 of module Ass2licall: 12
@!@!@ENDMSG 2221 @!@!@
@!@!@STARTMSG 2772:0 @!@!@
<senderNext line 114, col 1 to line 114, col 10 of module Ass2licall>: 6:24
@!@!@ENDMSG 2772 @!@!@
@!@!@STARTMSG 2221:0 @!@!@
  line 79, col 1 to line 83, col 26 of module Ass2licall: 2
@!@!@ENDMSG 2221 @!@!@
@!@!@STARTMSG 2221:0 @!@!@
  line 80, col 22 to line 80, col 32 of module Ass2licall: 27
@!@!@ENDMSG 2221 @!@!@
@!@!@STARTMSG 2221:0 @!@!@
  line 82, col 28 to line 82, col 41 of module Ass2licall: 12
@!@!@ENDMSG 2221 @!@!@
@!@!@STARTMSG 2221:0 @!@!@
  line 83, col 19 to line 83, col 26 of module Ass2licall: 48
@!@!@ENDMSG 2221 @!@!@
@!@!@STARTMSG 2221:0 @!@!@
  line 24, col 13 to line 24, col 24 of module abpSender: 39
@!@!@ENDMSG 2221 @!@!@
@!@!@STARTMSG 2221:0 @!@!@
  |line 24, col 13 to line 24, col 14 of module abpSender: 24
@!@!@ENDMSG 2221 @!@!@
@!@!@STARTMSG 2221:0 @!@!@
  line 25, col 16 to line 25, col 30 of module abpSender: 15
@!@!@ENDMSG 2221 @!@!@
@!@!@STARTMSG 2221:0 @!@!@
  line 26, col 21 to line 29, col 36 of module abpSender: 6
@!@!@ENDMSG 2221 @!@!@
@!@!@STARTMSG 2221:0 @!@!@
  line 30, col 24 to line 30, col 35 of module abpSender: 9
@!@!@ENDMSG 2221 @!@!@
@!@!@STARTMSG 2221:0 @!@!@
  line 31, col 24 to line 31, col 57 of module abpSender: 9
@!@!@ENDMSG 2221 @!@!@
@!@!@STARTMSG 2221:0 @!@!@
  line 32, col 13 to line 32, col 32 of module abpSender: 15
@!@!@ENDMSG 2221 @!@!@
@!@!@STARTMSG 2221:0 @!@!@
  line 36, col 16 to line 36, col 26 of module abpSender: 33
@!@!@ENDMSG 2221 @!@!@
@!@!@STARTMSG 2221:0 @!@!@
  |line 36, col 16 to line 36, col 17 of module abpSender: 24
@!@!@ENDMSG 2221 @!@!@
@!@!@STARTMSG 2221:0 @!@!@
  line 36, col 31 to line 36, col 44 of module abpSender: 9
@!@!@ENDMSG 2221 @!@!@
@!@!@STARTMSG 2221:0 @!@!@
  line 115, col 18 to line 120, col 28 of module Ass2licall: 24
@!@!@ENDMSG 2221 @!@!@
@!@!@STARTMSG 2772:0 @!@!@
<dataChannel line 124, col 1 to line 124, col 11 of module Ass2licall>: 6:18
@!@!@ENDMSG 2772 @!@!@
@!@!@STARTMSG 2221:0 @!@!@
  line 86, col 27 to line 86, col 40 of module Ass2licall: 58
@!@!@ENDMSG 2221 @!@!@
@!@!@STARTMSG 2221:0 @!@!@
  line 87, col 28 to line 87, col 42 of module Ass2licall: 20
@!@!@ENDMSG 2221 @!@!@
@!@!@STARTMSG 2221:0 @!@!@
  line 27, col 12 to line 27, col 31 of module dataWire: 29
@!@!@ENDMSG 2221 @!@!@
@!@!@STARTMSG 2221:0 @!@!@
  |line 27, col 12 to line 27, col 26 of module dataWire: 20
@!@!@ENDMSG 2221 @!@!@
@!@!@STARTMSG 2221:0 @!@!@
  line 28, col 12 to line 31, col 47 of module dataWire: 9
@!@!@ENDMSG 2221 @!@!@
@!@!@STARTMSG 2221:0 @!@!@
  line 125, col 20 to line 132, col 28 of module Ass2licall: 18
@!@!@ENDMSG 2221 @!@!@
@!@!@STARTMSG 2772:0 @!@!@
<ackChannel line 134, col 1 to line 134, col 10 of module Ass2licall>: 0:0
@!@!@ENDMSG 2772 @!@!@
@!@!@STARTMSG 2221:0 @!@!@
  line 90, col 27 to line 90, col 42 of module Ass2licall: 20
@!@!@ENDMSG 2221 @!@!@
@!@!@STARTMSG 2221:0 @!@!@
  line 91, col 28 to line 91, col 40 of module Ass2licall: 2
@!@!@ENDMSG 2221 @!@!@
@!@!@STARTMSG 2221:0 @!@!@
  line 27, col 9 to line 31, col 47 of module dataWire: 18
@!@!@ENDMSG 2221 @!@!@
@!@!@STARTMSG 2221:0 @!@!@
  line 135, col 19 to line 142, col 28 of module Ass2licall: 0
@!@!@ENDMSG 2221 @!@!@
@!@!@STARTMSG 2202:0 @!@!@
End of statistics.
@!@!@ENDMSG 2202 @!@!@
@!@!@STARTMSG 2200:0 @!@!@
Progress(9) at 2019-05-09 22:17:41: 44 states generated (3,601 s/min), 18 distinct states found (1,473 ds/min), 0 states left on queue.
@!@!@ENDMSG 2200 @!@!@
@!@!@STARTMSG 2199:0 @!@!@
44 states generated, 18 distinct states found, 0 states left on queue.
@!@!@ENDMSG 2199 @!@!@
@!@!@STARTMSG 2186:0 @!@!@
Finished in 1142ms at (2019-05-09 22:17:41)
@!@!@ENDMSG 2186 @!@!@
