@!@!@STARTMSG 2262:0 @!@!@
TLC2 Version 2.13 of 18 July 2018
@!@!@ENDMSG 2262 @!@!@
@!@!@STARTMSG 2187:0 @!@!@
Running breadth-first search Model-Checking with fp 8 and seed 3681299384998144900 with 2 workers on 4 cores with 597MB heap and 1339MB offheap memory [pid: 8564] (Windows 10 10.0 amd64, AdoptOpenJDK 11.0.2 x86_64, OffHeapDiskFPSet, DiskStateQueue).
@!@!@ENDMSG 2187 @!@!@
@!@!@STARTMSG 2220:0 @!@!@
Starting SANY...
@!@!@ENDMSG 2220 @!@!@
Parsing file C:\Users\zva\workspace\vuw2019t1\swen421\swen421-assignment-2\Ass2licall.toolbox\main\MC.tla
Parsing file C:\Users\zva\workspace\vuw2019t1\swen421\swen421-assignment-2\Ass2licall.toolbox\main\Ass2licall.tla
Parsing file C:\Program Files\TLAToolbox\toolbox\plugins\org.lamport.tlatools_1.0.0.201903292248\tla2sany\StandardModules\TLC.tla
Parsing file C:\Program Files\TLAToolbox\toolbox\plugins\org.lamport.tlatools_1.0.0.201903292248\tla2sany\StandardModules\Naturals.tla
Parsing file C:\Program Files\TLAToolbox\toolbox\plugins\org.lamport.tlatools_1.0.0.201903292248\tla2sany\StandardModules\Integers.tla
Parsing file C:\Program Files\TLAToolbox\toolbox\plugins\org.lamport.tlatools_1.0.0.201903292248\tla2sany\StandardModules\Sequences.tla
Parsing file C:\Program Files\TLAToolbox\toolbox\plugins\org.lamport.tlatools_1.0.0.201903292248\tla2sany\StandardModules\Bags.tla
Parsing file C:\Program Files\TLAToolbox\toolbox\plugins\org.lamport.tlatools_1.0.0.201903292248\tla2sany\StandardModules\FiniteSets.tla
Parsing file C:\Users\zva\workspace\vuw2019t1\swen421\swen421-assignment-2\Ass2licall.toolbox\main\abpReceiver.tla
Parsing file C:\Users\zva\workspace\vuw2019t1\swen421\swen421-assignment-2\Ass2licall.toolbox\main\abpSender.tla
Parsing file C:\Users\zva\workspace\vuw2019t1\swen421\swen421-assignment-2\Ass2licall.toolbox\main\dataWire.tla
Semantic processing of module Naturals
Semantic processing of module Integers
Semantic processing of module Sequences
Semantic processing of module FiniteSets
Semantic processing of module TLC
Semantic processing of module Bags
Semantic processing of module abpReceiver
Semantic processing of module abpSender
Semantic processing of module dataWire
Semantic processing of module Ass2licall
Semantic processing of module MC
@!@!@STARTMSG 2219:0 @!@!@
SANY finished.
@!@!@ENDMSG 2219 @!@!@
@!@!@STARTMSG 2185:0 @!@!@
Starting... (2019-05-09 22:10:21)
@!@!@ENDMSG 2185 @!@!@
@!@!@STARTMSG 1000:1 @!@!@
TLC threw an unexpected exception.
This was probably caused by an error in the spec or model.
See the User Output or TLC Console for clues to what happened.
The exception was a java.lang.RuntimeException
: @!@!@STARTMSG 2146:0 @!@!@
The invariant MessageReceived is not a state predicate (one with no primes or temporal operators).
@!@!@ENDMSG 2146 @!@!@
@!@!@ENDMSG 1000 @!@!@
@!@!@STARTMSG 2186:0 @!@!@
Finished in 428ms at (2019-05-09 22:10:21)
@!@!@ENDMSG 2186 @!@!@
